Flow report for 7seg_display_cnt10
Sun Jun 17 22:38:11 2018
Quartus II 64-Bit Version 13.1.0 Build 162 10/23/2013 SJ Full Version


---------------------
; Table of Contents ;
---------------------
  1. Legal Notice
  2. Flow Summary
  3. Flow Settings
  4. Flow Non-Default Global Settings
  5. Flow Elapsed Time
  6. Flow OS Summary
  7. Flow Log
  8. Flow Messages
  9. Flow Suppressed Messages



----------------
; Legal Notice ;
----------------
Copyright (C) 1991-2013 Altera Corporation
Your use of Altera Corporation's design tools, logic functions 
and other software and tools, and its AMPP partner logic 
functions, and any output files from any of the foregoing 
(including device programming or simulation files), and any 
associated documentation or information are expressly subject 
to the terms and conditions of the Altera Program License 
Subscription Agreement, Altera MegaCore Function License 
Agreement, or other applicable license agreement, including, 
without limitation, that your use is for the sole purpose of 
programming logic devices manufactured by Altera and sold by 
Altera or its authorized distributors.  Please refer to the 
applicable agreement for further details.



+----------------------------------------------------------------------------------+
; Flow Summary                                                                     ;
+------------------------------------+---------------------------------------------+
; Flow Status                        ; Successful - Sun Jun 17 22:38:11 2018       ;
; Quartus II 64-Bit Version          ; 13.1.0 Build 162 10/23/2013 SJ Full Version ;
; Revision Name                      ; 7seg_display_cnt10                          ;
; Top-level Entity Name              ; clock                                       ;
; Family                             ; Cyclone III                                 ;
; Device                             ; EP3C16Q240C8                                ;
; Timing Models                      ; Final                                       ;
; Total logic elements               ; 731 / 15,408 ( 5 % )                        ;
;     Total combinational functions  ; 517 / 15,408 ( 3 % )                        ;
;     Dedicated logic registers      ; 365 / 15,408 ( 2 % )                        ;
; Total registers                    ; 365                                         ;
; Total pins                         ; 30 / 161 ( 19 % )                           ;
; Total virtual pins                 ; 0                                           ;
; Total memory bits                  ; 0 / 516,096 ( 0 % )                         ;
; Embedded Multiplier 9-bit elements ; 0 / 112 ( 0 % )                             ;
; Total PLLs                         ; 0 / 4 ( 0 % )                               ;
+------------------------------------+---------------------------------------------+


+-----------------------------------------+
; Flow Settings                           ;
+-------------------+---------------------+
; Option            ; Setting             ;
+-------------------+---------------------+
; Start date & time ; 06/17/2018 22:34:40 ;
; Main task         ; Compilation         ;
; Revision Name     ; 7seg_display_cnt10  ;
+-------------------+---------------------+


+-----------------------------------------------------------------------------------------------------------------------------------------+
; Flow Non-Default Global Settings                                                                                                        ;
+-------------------------------------+-----------------------------------------------+--------------------+-------------+----------------+
; Assignment Name                     ; Value                                         ; Default Value      ; Entity Name ; Section Id     ;
+-------------------------------------+-----------------------------------------------+--------------------+-------------+----------------+
; COMPILER_SIGNATURE_ID               ; 141812761816401.152924608064080               ; --                 ; --          ; --             ;
; EDA_GENERATE_FUNCTIONAL_NETLIST     ; Off                                           ; --                 ; --          ; eda_simulation ;
; EDA_NETLIST_WRITER_OUTPUT_DIR       ; C:/Users/HASEE/Desktop/FPGAt/simulation/qsim/ ; --                 ; --          ; eda_simulation ;
; EDA_OUTPUT_DATA_FORMAT              ; Verilog Hdl                                   ; --                 ; --          ; eda_simulation ;
; EDA_SIMULATION_TOOL                 ; ModelSim-Altera (Verilog)                     ; <None>             ; --          ; --             ;
; EDA_TIME_SCALE                      ; 1 ps                                          ; --                 ; --          ; eda_simulation ;
; MAX_CORE_JUNCTION_TEMP              ; 85                                            ; --                 ; --          ; --             ;
; MIN_CORE_JUNCTION_TEMP              ; 0                                             ; --                 ; --          ; --             ;
; NOMINAL_CORE_SUPPLY_VOLTAGE         ; 1.2V                                          ; --                 ; --          ; --             ;
; PARTITION_COLOR                     ; 16764057                                      ; --                 ; clock       ; Top            ;
; PARTITION_FITTER_PRESERVATION_LEVEL ; PLACEMENT_AND_ROUTING                         ; --                 ; clock       ; Top            ;
; PARTITION_NETLIST_TYPE              ; SOURCE                                        ; --                 ; clock       ; Top            ;
; PROJECT_OUTPUT_DIRECTORY            ; output_files                                  ; --                 ; --          ; --             ;
; TOP_LEVEL_ENTITY                    ; clock                                         ; 7seg_display_cnt10 ; --          ; --             ;
+-------------------------------------+-----------------------------------------------+--------------------+-------------+----------------+


+-------------------------------------------------------------------------------------------------------------------------------+
; Flow Elapsed Time                                                                                                             ;
+---------------------------+--------------+-------------------------+---------------------+------------------------------------+
; Module Name               ; Elapsed Time ; Average Processors Used ; Peak Virtual Memory ; Total CPU Time (on all processors) ;
+---------------------------+--------------+-------------------------+---------------------+------------------------------------+
; Analysis & Synthesis      ; 00:00:04     ; 1.0                     ; 4679 MB             ; 00:00:04                           ;
; Fitter                    ; 00:00:18     ; 2.1                     ; 5453 MB             ; 00:00:21                           ;
; Assembler                 ; 00:00:02     ; 1.0                     ; 4612 MB             ; 00:00:02                           ;
; TimeQuest Timing Analyzer ; 00:02:55     ; 1.0                     ; 4738 MB             ; 00:02:39                           ;
; EDA Netlist Writer        ; 00:00:02     ; 1.0                     ; 4577 MB             ; 00:00:02                           ;
; Total                     ; 00:03:21     ; --                      ; --                  ; 00:03:08                           ;
+---------------------------+--------------+-------------------------+---------------------+------------------------------------+


+----------------------------------------------------------------------------------------+
; Flow OS Summary                                                                        ;
+---------------------------+------------------+-----------+------------+----------------+
; Module Name               ; Machine Hostname ; OS Name   ; OS Version ; Processor type ;
+---------------------------+------------------+-----------+------------+----------------+
; Analysis & Synthesis      ; flyzhangyx       ; Windows 7 ; 6.2        ; x86_64         ;
; Fitter                    ; flyzhangyx       ; Windows 7 ; 6.2        ; x86_64         ;
; Assembler                 ; flyzhangyx       ; Windows 7 ; 6.2        ; x86_64         ;
; TimeQuest Timing Analyzer ; flyzhangyx       ; Windows 7 ; 6.2        ; x86_64         ;
; EDA Netlist Writer        ; flyzhangyx       ; Windows 7 ; 6.2        ; x86_64         ;
+---------------------------+------------------+-----------+------------+----------------+


------------
; Flow Log ;
------------
quartus_map --read_settings_files=on --write_settings_files=off 7seg_display_cnt10 -c 7seg_display_cnt10
quartus_fit --read_settings_files=off --write_settings_files=off 7seg_display_cnt10 -c 7seg_display_cnt10
quartus_asm --read_settings_files=off --write_settings_files=off 7seg_display_cnt10 -c 7seg_display_cnt10
quartus_sta 7seg_display_cnt10 -c 7seg_display_cnt10
quartus_eda --read_settings_files=off --write_settings_files=off 7seg_display_cnt10 -c 7seg_display_cnt10



